<testsuite failures="0" name="testinho/SendInvalidTypeFilePost.feature" skipped="0" tests="1" time="0.020702">
  <testcase classname="testinho.SendInvalidTypeFilePost" name="upload file" time="0.020702">
    <system-out>* url "http://localhost:8081" ............................................. passed
* configure lowerCaseResponseHeaders = true ............................... passed
Given path '/' ............................................................ passed
And header Content-Type = 'multipart/form-data' ........................... passed
And multipart file file =  { read: '../data/imagem.jpeg', filename: 'imagem.jpeg', contentType: 'video/mp4' } . passed
When method post .......................................................... passed
Then status 400 ........................................................... passed</system-out>
  </testcase>
</testsuite>
