<testsuite failures="0" name="testinho/SendFileWithWrongContentTypePOST.feature" skipped="0" tests="1" time="0.236449">
  <testcase classname="testinho.SendFileWithWrongContentTypePOST" name="upload file" time="0.236449">
    <system-out>* url "http://localhost:8081" ............................................. passed
* configure lowerCaseResponseHeaders = true ............................... passed
Given path '/' ............................................................ passed
And header Content-Type = 'video/mp4' ..................................... passed
And multipart file file =  { read: '../data/micro.mp4', filename: 'micro.mp4', contentType: 'video/mp4' } . passed
When method post .......................................................... passed
Then status 400 ........................................................... passed</system-out>
  </testcase>
</testsuite>
